{"/Users/achyuthreddy/Desktop/js projects/everest_assignments/parking_lot/src/Car.ts": {"path":"/Users/achyuthreddy/Desktop/js projects/everest_assignments/parking_lot/src/Car.ts","statementMap":{"0":{"start":{"line":3,"column":4},"end":{"line":3,"column":null}},"1":{"start":{"line":4,"column":4},"end":{"line":4,"column":null}},"2":{"start":{"line":1,"column":0},"end":{"line":1,"column":13}}},"fnMap":{"0":{"name":"(anonymous_0)","decl":{"start":{"line":2,"column":2},"end":{"line":2,"column":14}},"loc":{"start":{"line":2,"column":49},"end":{"line":5,"column":3}}}},"branchMap":{},"s":{"0":30,"1":30,"2":4},"f":{"0":30},"b":{}}
,"/Users/achyuthreddy/Desktop/js projects/everest_assignments/parking_lot/src/ParkingLot.ts": {"path":"/Users/achyuthreddy/Desktop/js projects/everest_assignments/parking_lot/src/ParkingLot.ts","statementMap":{"0":{"start":{"line":1,"column":0},"end":{"line":1,"column":27}},"1":{"start":{"line":2,"column":0},"end":{"line":2,"column":29}},"2":{"start":{"line":5,"column":4},"end":{"line":5,"column":null}},"3":{"start":{"line":6,"column":4},"end":{"line":6,"column":null}},"4":{"start":{"line":12,"column":4},"end":{"line":14,"column":null}},"5":{"start":{"line":13,"column":6},"end":{"line":13,"column":null}},"6":{"start":{"line":16,"column":4},"end":{"line":16,"column":null}},"7":{"start":{"line":18,"column":4},"end":{"line":20,"column":null}},"8":{"start":{"line":18,"column":17},"end":{"line":18,"column":18}},"9":{"start":{"line":19,"column":6},"end":{"line":19,"column":null}},"10":{"start":{"line":22,"column":4},"end":{"line":22,"column":null}},"11":{"start":{"line":26,"column":33},"end":{"line":26,"column":75}},"12":{"start":{"line":27,"column":4},"end":{"line":42,"column":null}},"13":{"start":{"line":28,"column":32},"end":{"line":28,"column":60}},"14":{"start":{"line":29,"column":31},"end":{"line":29,"column":59}},"15":{"start":{"line":30,"column":6},"end":{"line":31,"column":null}},"16":{"start":{"line":31,"column":8},"end":{"line":31,"column":null}},"17":{"start":{"line":32,"column":18},"end":{"line":32,"column":46}},"18":{"start":{"line":34,"column":6},"end":{"line":34,"column":null}},"19":{"start":{"line":35,"column":6},"end":{"line":35,"column":null}},"20":{"start":{"line":36,"column":6},"end":{"line":39,"column":null}},"21":{"start":{"line":41,"column":6},"end":{"line":41,"column":null}},"22":{"start":{"line":46,"column":4},"end":{"line":46,"column":null}},"23":{"start":{"line":46,"column":36},"end":{"line":46,"column":null}},"24":{"start":{"line":47,"column":4},"end":{"line":56,"column":null}},"25":{"start":{"line":47,"column":17},"end":{"line":47,"column":18}},"26":{"start":{"line":48,"column":6},"end":{"line":55,"column":null}},"27":{"start":{"line":52,"column":8},"end":{"line":52,"column":null}},"28":{"start":{"line":53,"column":8},"end":{"line":53,"column":null}},"29":{"start":{"line":54,"column":8},"end":{"line":54,"column":null}},"30":{"start":{"line":57,"column":4},"end":{"line":57,"column":null}},"31":{"start":{"line":60,"column":4},"end":{"line":60,"column":null}},"32":{"start":{"line":60,"column":36},"end":{"line":60,"column":null}},"33":{"start":{"line":61,"column":4},"end":{"line":70,"column":null}},"34":{"start":{"line":61,"column":17},"end":{"line":61,"column":18}},"35":{"start":{"line":62,"column":6},"end":{"line":69,"column":null}},"36":{"start":{"line":66,"column":8},"end":{"line":66,"column":null}},"37":{"start":{"line":67,"column":8},"end":{"line":67,"column":null}},"38":{"start":{"line":68,"column":8},"end":{"line":68,"column":null}},"39":{"start":{"line":71,"column":4},"end":{"line":71,"column":null}},"40":{"start":{"line":75,"column":4},"end":{"line":75,"column":null}},"41":{"start":{"line":75,"column":36},"end":{"line":75,"column":null}},"42":{"start":{"line":76,"column":24},"end":{"line":76,"column":26}},"43":{"start":{"line":78,"column":4},"end":{"line":78,"column":null}},"44":{"start":{"line":80,"column":4},"end":{"line":91,"column":null}},"45":{"start":{"line":80,"column":17},"end":{"line":80,"column":18}},"46":{"start":{"line":81,"column":6},"end":{"line":90,"column":null}},"47":{"start":{"line":82,"column":21},"end":{"line":82,"column":26}},"48":{"start":{"line":83,"column":8},"end":{"line":89,"column":null}},"49":{"start":{"line":92,"column":4},"end":{"line":92,"column":null}},"50":{"start":{"line":92,"column":26},"end":{"line":92,"column":null}},"51":{"start":{"line":93,"column":4},"end":{"line":93,"column":null}},"52":{"start":{"line":97,"column":4},"end":{"line":97,"column":null}},"53":{"start":{"line":97,"column":36},"end":{"line":97,"column":null}},"54":{"start":{"line":98,"column":4},"end":{"line":105,"column":null}},"55":{"start":{"line":98,"column":17},"end":{"line":98,"column":18}},"56":{"start":{"line":99,"column":6},"end":{"line":104,"column":null}},"57":{"start":{"line":103,"column":8},"end":{"line":103,"column":null}},"58":{"start":{"line":107,"column":4},"end":{"line":107,"column":null}},"59":{"start":{"line":111,"column":4},"end":{"line":111,"column":null}},"60":{"start":{"line":111,"column":36},"end":{"line":111,"column":null}},"61":{"start":{"line":112,"column":30},"end":{"line":112,"column":32}},"62":{"start":{"line":114,"column":4},"end":{"line":121,"column":null}},"63":{"start":{"line":114,"column":17},"end":{"line":114,"column":18}},"64":{"start":{"line":115,"column":6},"end":{"line":120,"column":null}},"65":{"start":{"line":119,"column":8},"end":{"line":119,"column":null}},"66":{"start":{"line":122,"column":4},"end":{"line":124,"column":null}},"67":{"start":{"line":127,"column":4},"end":{"line":127,"column":null}},"68":{"start":{"line":127,"column":36},"end":{"line":127,"column":null}},"69":{"start":{"line":128,"column":31},"end":{"line":128,"column":33}},"70":{"start":{"line":129,"column":4},"end":{"line":136,"column":null}},"71":{"start":{"line":129,"column":17},"end":{"line":129,"column":18}},"72":{"start":{"line":130,"column":6},"end":{"line":135,"column":null}},"73":{"start":{"line":134,"column":8},"end":{"line":134,"column":null}},"74":{"start":{"line":137,"column":4},"end":{"line":139,"column":null}},"75":{"start":{"line":143,"column":4},"end":{"line":147,"column":null}},"76":{"start":{"line":144,"column":6},"end":{"line":147,"column":null}},"77":{"start":{"line":148,"column":4},"end":{"line":151,"column":null}},"78":{"start":{"line":148,"column":17},"end":{"line":148,"column":18}},"79":{"start":{"line":149,"column":6},"end":{"line":150,"column":null}},"80":{"start":{"line":150,"column":8},"end":{"line":150,"column":null}},"81":{"start":{"line":152,"column":4},"end":{"line":152,"column":null}},"82":{"start":{"line":3,"column":0},"end":{"line":3,"column":13}}},"fnMap":{"0":{"name":"(anonymous_0)","decl":{"start":{"line":4,"column":2},"end":{"line":4,"column":null}},"loc":{"start":{"line":4,"column":2},"end":{"line":7,"column":3}}},"1":{"name":"(anonymous_1)","decl":{"start":{"line":11,"column":2},"end":{"line":11,"column":18}},"loc":{"start":{"line":11,"column":32},"end":{"line":23,"column":3}}},"2":{"name":"(anonymous_2)","decl":{"start":{"line":25,"column":2},"end":{"line":25,"column":9}},"loc":{"start":{"line":25,"column":32},"end":{"line":43,"column":3}}},"3":{"name":"(anonymous_3)","decl":{"start":{"line":45,"column":2},"end":{"line":45,"column":22}},"loc":{"start":{"line":45,"column":36},"end":{"line":58,"column":3}}},"4":{"name":"(anonymous_4)","decl":{"start":{"line":59,"column":2},"end":{"line":59,"column":23}},"loc":{"start":{"line":59,"column":38},"end":{"line":72,"column":3}}},"5":{"name":"(anonymous_5)","decl":{"start":{"line":74,"column":2},"end":{"line":74,"column":21}},"loc":{"start":{"line":74,"column":21},"end":{"line":94,"column":3}}},"6":{"name":"(anonymous_6)","decl":{"start":{"line":96,"column":2},"end":{"line":96,"column":16}},"loc":{"start":{"line":96,"column":34},"end":{"line":108,"column":3}}},"7":{"name":"(anonymous_7)","decl":{"start":{"line":110,"column":2},"end":{"line":110,"column":25}},"loc":{"start":{"line":110,"column":42},"end":{"line":125,"column":3}}},"8":{"name":"(anonymous_8)","decl":{"start":{"line":126,"column":2},"end":{"line":126,"column":23}},"loc":{"start":{"line":126,"column":40},"end":{"line":140,"column":3}}},"9":{"name":"(anonymous_9)","decl":{"start":{"line":142,"column":2},"end":{"line":142,"column":20}},"loc":{"start":{"line":142,"column":48},"end":{"line":153,"column":3}}}},"branchMap":{"0":{"loc":{"start":{"line":12,"column":4},"end":{"line":14,"column":null}},"type":"if","locations":[{"start":{"line":12,"column":4},"end":{"line":14,"column":null}},{"start":{"line":12,"column":4},"end":{"line":14,"column":null}}]},"1":{"loc":{"start":{"line":12,"column":8},"end":{"line":12,"column":14}},"type":"binary-expr","locations":[{"start":{"line":12,"column":8},"end":{"line":12,"column":14}},{"start":{"line":12,"column":18},"end":{"line":12,"column":28}}]},"2":{"loc":{"start":{"line":27,"column":4},"end":{"line":42,"column":null}},"type":"if","locations":[{"start":{"line":27,"column":4},"end":{"line":42,"column":null}},{"start":{"line":27,"column":4},"end":{"line":42,"column":null}}]},"3":{"loc":{"start":{"line":30,"column":6},"end":{"line":31,"column":null}},"type":"if","locations":[{"start":{"line":30,"column":6},"end":{"line":31,"column":null}},{"start":{"line":30,"column":6},"end":{"line":31,"column":null}}]},"4":{"loc":{"start":{"line":30,"column":10},"end":{"line":30,"column":20}},"type":"binary-expr","locations":[{"start":{"line":30,"column":10},"end":{"line":30,"column":20}},{"start":{"line":30,"column":24},"end":{"line":30,"column":33}}]},"5":{"loc":{"start":{"line":46,"column":4},"end":{"line":46,"column":null}},"type":"if","locations":[{"start":{"line":46,"column":4},"end":{"line":46,"column":null}},{"start":{"line":46,"column":4},"end":{"line":46,"column":null}}]},"6":{"loc":{"start":{"line":48,"column":6},"end":{"line":55,"column":null}},"type":"if","locations":[{"start":{"line":48,"column":6},"end":{"line":55,"column":null}},{"start":{"line":48,"column":6},"end":{"line":55,"column":null}}]},"7":{"loc":{"start":{"line":49,"column":8},"end":{"line":49,"column":39}},"type":"binary-expr","locations":[{"start":{"line":49,"column":8},"end":{"line":49,"column":39}},{"start":{"line":50,"column":8},"end":{"line":50,"column":51}}]},"8":{"loc":{"start":{"line":60,"column":4},"end":{"line":60,"column":null}},"type":"if","locations":[{"start":{"line":60,"column":4},"end":{"line":60,"column":null}},{"start":{"line":60,"column":4},"end":{"line":60,"column":null}}]},"9":{"loc":{"start":{"line":62,"column":6},"end":{"line":69,"column":null}},"type":"if","locations":[{"start":{"line":62,"column":6},"end":{"line":69,"column":null}},{"start":{"line":62,"column":6},"end":{"line":69,"column":null}}]},"10":{"loc":{"start":{"line":63,"column":8},"end":{"line":63,"column":39}},"type":"binary-expr","locations":[{"start":{"line":63,"column":8},"end":{"line":63,"column":39}},{"start":{"line":64,"column":8},"end":{"line":64,"column":46}}]},"11":{"loc":{"start":{"line":75,"column":4},"end":{"line":75,"column":null}},"type":"if","locations":[{"start":{"line":75,"column":4},"end":{"line":75,"column":null}},{"start":{"line":75,"column":4},"end":{"line":75,"column":null}}]},"12":{"loc":{"start":{"line":81,"column":6},"end":{"line":90,"column":null}},"type":"if","locations":[{"start":{"line":81,"column":6},"end":{"line":90,"column":null}},{"start":{"line":81,"column":6},"end":{"line":90,"column":null}}]},"13":{"loc":{"start":{"line":92,"column":4},"end":{"line":92,"column":null}},"type":"if","locations":[{"start":{"line":92,"column":4},"end":{"line":92,"column":null}},{"start":{"line":92,"column":4},"end":{"line":92,"column":null}}]},"14":{"loc":{"start":{"line":97,"column":4},"end":{"line":97,"column":null}},"type":"if","locations":[{"start":{"line":97,"column":4},"end":{"line":97,"column":null}},{"start":{"line":97,"column":4},"end":{"line":97,"column":null}}]},"15":{"loc":{"start":{"line":99,"column":6},"end":{"line":104,"column":null}},"type":"if","locations":[{"start":{"line":99,"column":6},"end":{"line":104,"column":null}},{"start":{"line":99,"column":6},"end":{"line":104,"column":null}}]},"16":{"loc":{"start":{"line":100,"column":8},"end":{"line":100,"column":39}},"type":"binary-expr","locations":[{"start":{"line":100,"column":8},"end":{"line":100,"column":39}},{"start":{"line":101,"column":8},"end":{"line":101,"column":56}}]},"17":{"loc":{"start":{"line":111,"column":4},"end":{"line":111,"column":null}},"type":"if","locations":[{"start":{"line":111,"column":4},"end":{"line":111,"column":null}},{"start":{"line":111,"column":4},"end":{"line":111,"column":null}}]},"18":{"loc":{"start":{"line":115,"column":6},"end":{"line":120,"column":null}},"type":"if","locations":[{"start":{"line":115,"column":6},"end":{"line":120,"column":null}},{"start":{"line":115,"column":6},"end":{"line":120,"column":null}}]},"19":{"loc":{"start":{"line":116,"column":8},"end":{"line":116,"column":39}},"type":"binary-expr","locations":[{"start":{"line":116,"column":8},"end":{"line":116,"column":39}},{"start":{"line":117,"column":8},"end":{"line":117,"column":54}}]},"20":{"loc":{"start":{"line":123,"column":8},"end":{"line":123,"column":15}},"type":"cond-expr","locations":[{"start":{"line":123,"column":8},"end":{"line":123,"column":15}},{"start":{"line":124,"column":8},"end":{"line":124,"column":64}}]},"21":{"loc":{"start":{"line":127,"column":4},"end":{"line":127,"column":null}},"type":"if","locations":[{"start":{"line":127,"column":4},"end":{"line":127,"column":null}},{"start":{"line":127,"column":4},"end":{"line":127,"column":null}}]},"22":{"loc":{"start":{"line":130,"column":6},"end":{"line":135,"column":null}},"type":"if","locations":[{"start":{"line":130,"column":6},"end":{"line":135,"column":null}},{"start":{"line":130,"column":6},"end":{"line":135,"column":null}}]},"23":{"loc":{"start":{"line":131,"column":8},"end":{"line":131,"column":39}},"type":"binary-expr","locations":[{"start":{"line":131,"column":8},"end":{"line":131,"column":39}},{"start":{"line":132,"column":8},"end":{"line":132,"column":54}}]},"24":{"loc":{"start":{"line":138,"column":8},"end":{"line":138,"column":16}},"type":"cond-expr","locations":[{"start":{"line":138,"column":8},"end":{"line":138,"column":16}},{"start":{"line":139,"column":8},"end":{"line":139,"column":64}}]},"25":{"loc":{"start":{"line":143,"column":4},"end":{"line":147,"column":null}},"type":"if","locations":[{"start":{"line":143,"column":4},"end":{"line":147,"column":null}},{"start":{"line":143,"column":4},"end":{"line":147,"column":null}}]},"26":{"loc":{"start":{"line":143,"column":8},"end":{"line":143,"column":28}},"type":"binary-expr","locations":[{"start":{"line":143,"column":8},"end":{"line":143,"column":28}},{"start":{"line":143,"column":32},"end":{"line":143,"column":64}}]},"27":{"loc":{"start":{"line":149,"column":6},"end":{"line":150,"column":null}},"type":"if","locations":[{"start":{"line":149,"column":6},"end":{"line":150,"column":null}},{"start":{"line":149,"column":6},"end":{"line":150,"column":null}}]}},"s":{"0":4,"1":4,"2":7,"3":7,"4":4,"5":1,"6":3,"7":3,"8":3,"9":16,"10":3,"11":13,"12":13,"13":12,"14":12,"15":12,"16":1,"17":11,"18":11,"19":11,"20":11,"21":1,"22":3,"23":0,"24":3,"25":3,"26":17,"27":2,"28":2,"29":2,"30":1,"31":1,"32":0,"33":1,"34":1,"35":2,"36":1,"37":1,"38":1,"39":0,"40":1,"41":0,"42":1,"43":1,"44":1,"45":1,"46":6,"47":5,"48":5,"49":1,"50":0,"51":1,"52":2,"53":0,"54":2,"55":2,"56":7,"57":1,"58":1,"59":2,"60":0,"61":2,"62":2,"63":2,"64":12,"65":2,"66":2,"67":2,"68":0,"69":2,"70":2,"71":2,"72":12,"73":2,"74":2,"75":16,"76":1,"77":15,"78":15,"79":50,"80":13,"81":2,"82":4},"f":{"0":7,"1":4,"2":13,"3":3,"4":1,"5":1,"6":2,"7":2,"8":2,"9":16},"b":{"0":[1,3],"1":[4,4],"2":[12,1],"3":[1,11],"4":[12,11],"5":[0,3],"6":[2,15],"7":[17,14],"8":[0,1],"9":[1,1],"10":[2,2],"11":[0,1],"12":[5,1],"13":[0,1],"14":[0,2],"15":[1,6],"16":[7,6],"17":[0,2],"18":[2,10],"19":[12,10],"20":[1,1],"21":[0,2],"22":[2,10],"23":[12,10],"24":[1,1],"25":[1,15],"26":[16,16],"27":[13,37]}}
,"/Users/achyuthreddy/Desktop/js projects/everest_assignments/parking_lot/src/Slot.ts": {"path":"/Users/achyuthreddy/Desktop/js projects/everest_assignments/parking_lot/src/Slot.ts","statementMap":{"0":{"start":{"line":1,"column":0},"end":{"line":1,"column":27}},"1":{"start":{"line":5,"column":4},"end":{"line":5,"column":null}},"2":{"start":{"line":6,"column":4},"end":{"line":6,"column":null}},"3":{"start":{"line":7,"column":4},"end":{"line":7,"column":null}},"4":{"start":{"line":3,"column":0},"end":{"line":3,"column":13}}},"fnMap":{"0":{"name":"(anonymous_0)","decl":{"start":{"line":4,"column":2},"end":{"line":4,"column":14}},"loc":{"start":{"line":4,"column":28},"end":{"line":8,"column":3}}}},"branchMap":{},"s":{"0":4,"1":16,"2":16,"3":16,"4":4},"f":{"0":16},"b":{}}
}
