TN:
SF:src/Car.ts
FN:2,(anonymous_0)
FNF:1
FNH:1
FNDA:30,(anonymous_0)
DA:1,4
DA:3,30
DA:4,30
LF:3
LH:3
BRF:0
BRH:0
end_of_record
TN:
SF:src/ParkingLot.ts
FN:4,(anonymous_0)
FN:11,(anonymous_1)
FN:25,(anonymous_2)
FN:45,(anonymous_3)
FN:59,(anonymous_4)
FN:74,(anonymous_5)
FN:96,(anonymous_6)
FN:110,(anonymous_7)
FN:126,(anonymous_8)
FN:142,(anonymous_9)
FNF:10
FNH:10
FNDA:7,(anonymous_0)
FNDA:4,(anonymous_1)
FNDA:13,(anonymous_2)
FNDA:3,(anonymous_3)
FNDA:1,(anonymous_4)
FNDA:1,(anonymous_5)
FNDA:2,(anonymous_6)
FNDA:2,(anonymous_7)
FNDA:2,(anonymous_8)
FNDA:16,(anonymous_9)
DA:1,4
DA:2,4
DA:3,4
DA:5,7
DA:6,7
DA:12,4
DA:13,1
DA:16,3
DA:18,3
DA:19,16
DA:22,3
DA:26,13
DA:27,13
DA:28,12
DA:29,12
DA:30,12
DA:31,1
DA:32,11
DA:34,11
DA:35,11
DA:36,11
DA:41,1
DA:46,3
DA:47,3
DA:48,17
DA:52,2
DA:53,2
DA:54,2
DA:57,1
DA:60,1
DA:61,1
DA:62,2
DA:66,1
DA:67,1
DA:68,1
DA:71,0
DA:75,1
DA:76,1
DA:78,1
DA:80,1
DA:81,6
DA:82,5
DA:83,5
DA:92,1
DA:93,1
DA:97,2
DA:98,2
DA:99,7
DA:103,1
DA:107,1
DA:111,2
DA:112,2
DA:114,2
DA:115,12
DA:119,2
DA:122,2
DA:127,2
DA:128,2
DA:129,2
DA:130,12
DA:134,2
DA:137,2
DA:143,16
DA:144,1
DA:148,15
DA:149,50
DA:150,13
DA:152,2
LF:68
LH:67
BRDA:12,0,0,1
BRDA:12,0,1,3
BRDA:12,1,0,4
BRDA:12,1,1,4
BRDA:27,2,0,12
BRDA:27,2,1,1
BRDA:30,3,0,1
BRDA:30,3,1,11
BRDA:30,4,0,12
BRDA:30,4,1,11
BRDA:46,5,0,0
BRDA:46,5,1,3
BRDA:48,6,0,2
BRDA:48,6,1,15
BRDA:49,7,0,17
BRDA:49,7,1,14
BRDA:60,8,0,0
BRDA:60,8,1,1
BRDA:62,9,0,1
BRDA:62,9,1,1
BRDA:63,10,0,2
BRDA:63,10,1,2
BRDA:75,11,0,0
BRDA:75,11,1,1
BRDA:81,12,0,5
BRDA:81,12,1,1
BRDA:92,13,0,0
BRDA:92,13,1,1
BRDA:97,14,0,0
BRDA:97,14,1,2
BRDA:99,15,0,1
BRDA:99,15,1,6
BRDA:100,16,0,7
BRDA:100,16,1,6
BRDA:111,17,0,0
BRDA:111,17,1,2
BRDA:115,18,0,2
BRDA:115,18,1,10
BRDA:116,19,0,12
BRDA:116,19,1,10
BRDA:123,20,0,1
BRDA:123,20,1,1
BRDA:127,21,0,0
BRDA:127,21,1,2
BRDA:130,22,0,2
BRDA:130,22,1,10
BRDA:131,23,0,12
BRDA:131,23,1,10
BRDA:138,24,0,1
BRDA:138,24,1,1
BRDA:143,25,0,1
BRDA:143,25,1,15
BRDA:143,26,0,16
BRDA:143,26,1,16
BRDA:149,27,0,13
BRDA:149,27,1,37
BRF:56
BRH:49
end_of_record
TN:
SF:src/Slot.ts
FN:4,(anonymous_0)
FNF:1
FNH:1
FNDA:16,(anonymous_0)
DA:1,4
DA:3,4
DA:5,16
DA:6,16
DA:7,16
LF:5
LH:5
BRF:0
BRH:0
end_of_record
